Z1 = 10
Z2 =  1 + 2i
Z3 =  0 - 5i
Z4 = 5
I1 = 10.600
Ix =  3.7600 + 1.6800i
G1 = 0.1000
G2 =  0.2000 - 0.4000i
G3 =       0 + 0.2000i
G4 = 0.2000
A =
   0.3000 - 0.4000i  -0.2000 + 0.4000i  -0.1000 +      0i
  -0.2000 + 0.4000i   0.4000 - 0.2000i  -0.2000 - 0.2000i
  -0.1000 +      0i  -0.2000 - 0.2000i   0.3000 + 0.2000i
A =
   0.3000 - 0.4000i  -0.2000 + 0.4000i  -0.1000 +      0i
  -1.0000 + 2.0000i   1.2000 - 1.8000i  -0.2000 - 0.2000i
   0.7000 - 1.6000i  -1.0000 + 1.4000i   0.3000 + 0.2000i
B =
   10.6000
         0
  -10.6000
S =
   -0.0231 +  6.4006i
   -0.4231 -  2.7994i
  -68.4231 + 23.2006i
EA = -0.023095 + 6.400616i
EB = -0.4231 - 2.7994i
ED = -68.423 + 23.201i
Ix =  3.7600 + 1.6800i
Ia =  6.8400 - 1.6800i
EC =   6.7769 + 56.8006i
Ib =  -1.4400 - 11.9200i
Ic =   5.2000 + 13.6000i
ERROR: warning: matrix singular to machine precision, rcond = 3.22118e-17
ERROR: warning: called from
ERROR:     /workspace/Circuitos2/Questao/home/02/main.oc at line 36 column 3
